[2026-01-14 16:02:19] [INFO] ============================================================
[2026-01-14 16:02:19] [INFO] 開始執行每日工作流
[2026-01-14 16:02:19] [INFO] 目標日期: 20260113 (週二)
[2026-01-14 16:02:19] [INFO] ============================================================
[2026-01-14 16:02:19] [INFO] ----------------------------------------
[2026-01-14 16:02:19] [INFO] 步驟 1: 確認 PDF 檔案
[2026-01-14 16:02:19] [SUCCESS] PDF 已存在: 期貨選擇權盤後日報_20260113.pdf
[2026-01-14 16:02:19] [INFO] ----------------------------------------
[2026-01-14 16:02:19] [INFO] 步驟 2: 產生每日報告
[2026-01-14 16:02:24] [SUCCESS] 每日報告產生成功
[2026-01-14 16:02:24] [INFO] ----------------------------------------
[2026-01-14 16:02:24] [INFO] 步驟 3: 檢查結算預報需求
[2026-01-14 16:02:24] [INFO] 今天是週二，產生週三結算預報
[2026-01-14 16:02:24] [INFO] 結算日: 2026/01/14
[2026-01-14 16:02:24] [INFO] 分析日期: 20260112,20260113
[2026-01-14 16:02:24] [SUCCESS] wednesday 結算預報產生成功
[2026-01-14 16:02:24] [INFO] ----------------------------------------
[2026-01-14 16:02:24] [INFO] 步驟 4: 同步到 docs
[2026-01-14 16:02:24] [SUCCESS] 同步完成
[2026-01-14 16:02:24] [INFO] ----------------------------------------
[2026-01-14 16:02:24] [INFO] 步驟 5: 更新首頁
[2026-01-14 16:02:24] [SUCCESS] 首頁更新完成
[2026-01-14 16:02:24] [INFO] 跳過 Git 推送
[2026-01-14 16:02:24] [SUCCESS] ============================================================
[2026-01-14 16:02:24] [SUCCESS] 每日工作流執行完成！
[2026-01-14 16:02:24] [SUCCESS] ============================================================
